# JRE version: OpenJDK Runtime Environment (11.0.10) (build 11.0.10+0-b96-7249189)
# Java VM: OpenJDK 64-Bit Server VM (11.0.10+0-b96-7249189, mixed mode, tiered, compressed oops, g1 gc, windows-amd64)
Heap:
 garbage-first heap   total 421888K, used 200495K [0x00000000a0000000, 0x0000000100000000)
  region size 1024K, 4 young (4096K), 4 survivors (4096K)
 Metaspace       used 161559K, capacity 167337K, committed 167632K, reserved 1196032K
  class space    used 20080K, capacity 22074K, committed 22144K, reserved 1048576K
GC Heap History (20 events):
Event: 6264.038 GC heap after
{Heap after GC invocations=136 (full 0):
 garbage-first heap   total 275456K, used 169409K [0x00000000a0000000, 0x0000000100000000)
  region size 1024K, 9 young (9216K), 9 survivors (9216K)
 Metaspace       used 152906K, capacity 158332K, committed 158672K, reserved 1187840K
  class space    used 18918K, capacity 20758K, committed 20864K, reserved 1048576K
}
Event: 6264.043 GC heap before
{Heap before GC invocations=136 (full 0):
 garbage-first heap   total 275456K, used 173505K [0x00000000a0000000, 0x0000000100000000)
  region size 1024K, 13 young (13312K), 9 survivors (9216K)
 Metaspace       used 152971K, capacity 158428K, committed 158672K, reserved 1187840K
  class space    used 18930K, capacity 20790K, committed 20864K, reserved 1048576K
}
Event: 6264.051 GC heap after
{Heap after GC invocations=137 (full 0):
 garbage-first heap   total 275456K, used 170427K [0x00000000a0000000, 0x0000000100000000)
  region size 1024K, 2 young (2048K), 2 survivors (2048K)
 Metaspace       used 152971K, capacity 158428K, committed 158672K, reserved 1187840K
  class space    used 18930K, capacity 20790K, committed 20864K, reserved 1048576K
}
Event: 6264.191 GC heap before
{Heap before GC invocations=137 (full 0):
 garbage-first heap   total 275456K, used 228795K [0x00000000a0000000, 0x0000000100000000)
  region size 1024K, 60 young (61440K), 2 survivors (2048K)
 Metaspace       used 154602K, capacity 160055K, committed 160208K, reserved 1187840K
  class space    used 19166K, capacity 21012K, committed 21120K, reserved 1048576K
}
Event: 6264.201 GC heap after
{Heap after GC invocations=138 (full 0):
 garbage-first heap   total 275456K, used 176560K [0x00000000a0000000, 0x0000000100000000)
  region size 1024K, 8 young (8192K), 8 survivors (8192K)
 Metaspace       used 154602K, capacity 160055K, committed 160208K, reserved 1187840K
  class space    used 19166K, capacity 21012K, committed 21120K, reserved 1048576K
}
Event: 6264.565 GC heap before
{Heap before GC invocations=138 (full 0):
 garbage-first heap   total 275456K, used 229808K [0x00000000a0000000, 0x0000000100000000)
  region size 1024K, 61 young (62464K), 8 survivors (8192K)
 Metaspace       used 156937K, capacity 162529K, committed 162768K, reserved 1189888K
  class space    used 19551K, capacity 21506K, committed 21632K, reserved 1048576K
}
Event: 6264.591 GC heap after
{Heap after GC invocations=139 (full 0):
 garbage-first heap   total 275456K, used 183456K [0x00000000a0000000, 0x0000000100000000)
  region size 1024K, 8 young (8192K), 8 survivors (8192K)
 Metaspace       used 156937K, capacity 162529K, committed 162768K, reserved 1189888K
  class space    used 19551K, capacity 21506K, committed 21632K, reserved 1048576K
}
Event: 6264.940 GC heap before
{Heap before GC invocations=140 (full 0):
 garbage-first heap   total 275456K, used 229536K [0x00000000a0000000, 0x0000000100000000)
  region size 1024K, 54 young (55296K), 8 survivors (8192K)
 Metaspace       used 158900K, capacity 164630K, committed 164816K, reserved 1191936K
  class space    used 19839K, capacity 21835K, committed 21888K, reserved 1048576K
}
Event: 6264.954 GC heap after
{Heap after GC invocations=141 (full 0):
 garbage-first heap   total 275456K, used 191128K [0x00000000a0000000, 0x0000000100000000)
  region size 1024K, 7 young (7168K), 7 survivors (7168K)
 Metaspace       used 158900K, capacity 164630K, committed 164816K, reserved 1191936K
  class space    used 19839K, capacity 21835K, committed 21888K, reserved 1048576K
}
Event: 6264.991 GC heap before
{Heap before GC invocations=141 (full 0):
 garbage-first heap   total 275456K, used 197272K [0x00000000a0000000, 0x0000000100000000)
  region size 1024K, 13 young (13312K), 7 survivors (7168K)
 Metaspace       used 159033K, capacity 164765K, committed 164816K, reserved 1191936K
  class space    used 19857K, capacity 21837K, committed 21888K, reserved 1048576K
}
Event: 6265.009 GC heap after
{Heap after GC invocations=142 (full 0):
 garbage-first heap   total 275456K, used 192013K [0x00000000a0000000, 0x0000000100000000)
  region size 1024K, 2 young (2048K), 2 survivors (2048K)
 Metaspace       used 159033K, capacity 164765K, committed 164816K, reserved 1191936K
  class space    used 19857K, capacity 21837K, committed 21888K, reserved 1048576K
}
Event: 6265.180 GC heap before
{Heap before GC invocations=142 (full 0):
 garbage-first heap   total 275456K, used 230925K [0x00000000a0000000, 0x0000000100000000)
  region size 1024K, 41 young (41984K), 2 survivors (2048K)
 Metaspace       used 159917K, capacity 165746K, committed 165968K, reserved 1193984K
  class space    used 19964K, capacity 22012K, committed 22016K, reserved 1048576K
}
Event: 6265.189 GC heap after
{Heap after GC invocations=143 (full 0):
 garbage-first heap   total 275456K, used 195217K [0x00000000a0000000, 0x0000000100000000)
  region size 1024K, 5 young (5120K), 5 survivors (5120K)
 Metaspace       used 159917K, capacity 165746K, committed 165968K, reserved 1193984K
  class space    used 19964K, capacity 22012K, committed 22016K, reserved 1048576K
}
Event: 6265.614 GC heap before
{Heap before GC invocations=143 (full 0):
 garbage-first heap   total 275456K, used 233105K [0x00000000a0000000, 0x0000000100000000)
  region size 1024K, 43 young (44032K), 5 survivors (5120K)
 Metaspace       used 160183K, capacity 166034K, committed 166224K, reserved 1193984K
  class space    used 19966K, capacity 22015K, committed 22016K, reserved 1048576K
}
Event: 6265.629 GC heap after
{Heap after GC invocations=144 (full 0):
 garbage-first heap   total 275456K, used 197976K [0x00000000a0000000, 0x0000000100000000)
  region size 1024K, 4 young (4096K), 4 survivors (4096K)
 Metaspace       used 160183K, capacity 166034K, committed 166224K, reserved 1193984K
  class space    used 19966K, capacity 22015K, committed 22016K, reserved 1048576K
}
Event: 6265.958 GC heap before
{Heap before GC invocations=145 (full 0):
 garbage-first heap   total 275456K, used 233816K [0x00000000a0000000, 0x0000000100000000)
  region size 1024K, 40 young (40960K), 4 survivors (4096K)
 Metaspace       used 160634K, capacity 166416K, committed 166864K, reserved 1193984K
  class space    used 19937K, capacity 21941K, committed 22144K, reserved 1048576K
}
Event: 6265.965 GC heap after
{Heap after GC invocations=146 (full 0):
 garbage-first heap   total 275456K, used 200244K [0x00000000a0000000, 0x0000000100000000)
  region size 1024K, 4 young (4096K), 4 survivors (4096K)
 Metaspace       used 160634K, capacity 166416K, committed 166864K, reserved 1193984K
  class space    used 19937K, capacity 21941K, committed 22144K, reserved 1048576K
}
Event: 6265.994 GC heap before
{Heap before GC invocations=146 (full 0):
 garbage-first heap   total 275456K, used 208436K [0x00000000a0000000, 0x0000000100000000)
  region size 1024K, 13 young (13312K), 4 survivors (4096K)
 Metaspace       used 160694K, capacity 166483K, committed 166864K, reserved 1193984K
  class space    used 19951K, capacity 21942K, committed 22144K, reserved 1048576K
}
Event: 6266.025 GC heap after
{Heap after GC invocations=147 (full 0):
 garbage-first heap   total 275456K, used 198146K [0x00000000a0000000, 0x0000000100000000)
  region size 1024K, 2 young (2048K), 2 survivors (2048K)
 Metaspace       used 160694K, capacity 166483K, committed 166864K, reserved 1193984K
  class space    used 19951K, capacity 21942K, committed 22144K, reserved 1048576K
}
Event: 6266.430 GC heap before
{Heap before GC invocations=147 (full 0):
 garbage-first heap   total 275456K, used 235010K [0x00000000a0000000, 0x0000000100000000)
  region size 1024K, 38 young (38912K), 2 survivors (2048K)
 Metaspace       used 161559K, capacity 167337K, committed 167632K, reserved 1196032K
  class space    used 20080K, capacity 22074K, committed 22144K, reserved 1048576K
}

