# JRE version: OpenJDK Runtime Environment (11.0.10) (build 11.0.10+0-b96-7249189)
# Java VM: OpenJDK 64-Bit Server VM (11.0.10+0-b96-7249189, mixed mode, tiered, compressed oops, g1 gc, windows-amd64)
Heap:
 garbage-first heap   total 129024K, used 82209K [0x00000000a0000000, 0x0000000100000000)
  region size 1024K, 21 young (21504K), 3 survivors (3072K)
 Metaspace       used 67257K, capacity 69036K, committed 69204K, reserved 1110016K
  class space    used 8631K, capacity 9258K, committed 9344K, reserved 1048576K
GC Heap History (20 events):
Event: 2.740 GC heap before
{Heap before GC invocations=4 (full 0):
 garbage-first heap   total 129024K, used 63371K [0x00000000a0000000, 0x0000000100000000)
  region size 1024K, 47 young (48128K), 1 survivors (1024K)
 Metaspace       used 26869K, capacity 27390K, committed 27696K, reserved 1073152K
  class space    used 3454K, capacity 3659K, committed 3712K, reserved 1048576K
}
Event: 2.743 GC heap after
{Heap after GC invocations=5 (full 0):
 garbage-first heap   total 129024K, used 17896K [0x00000000a0000000, 0x0000000100000000)
  region size 1024K, 3 young (3072K), 3 survivors (3072K)
 Metaspace       used 26869K, capacity 27390K, committed 27696K, reserved 1073152K
  class space    used 3454K, capacity 3659K, committed 3712K, reserved 1048576K
}
Event: 3.357 GC heap before
{Heap before GC invocations=5 (full 0):
 garbage-first heap   total 129024K, used 59880K [0x00000000a0000000, 0x0000000100000000)
  region size 1024K, 43 young (44032K), 3 survivors (3072K)
 Metaspace       used 35242K, capacity 35862K, committed 35920K, reserved 1081344K
  class space    used 4368K, capacity 4607K, committed 4608K, reserved 1048576K
}
Event: 3.367 GC heap after
{Heap after GC invocations=6 (full 0):
 garbage-first heap   total 129024K, used 21511K [0x00000000a0000000, 0x0000000100000000)
  region size 1024K, 7 young (7168K), 7 survivors (7168K)
 Metaspace       used 35242K, capacity 35862K, committed 35920K, reserved 1081344K
  class space    used 4368K, capacity 4607K, committed 4608K, reserved 1048576K
}
Event: 3.917 GC heap before
{Heap before GC invocations=7 (full 0):
 garbage-first heap   total 129024K, used 74759K [0x00000000a0000000, 0x0000000100000000)
  region size 1024K, 59 young (60416K), 7 survivors (7168K)
 Metaspace       used 39296K, capacity 40064K, committed 40272K, reserved 1085440K
  class space    used 5008K, capacity 5277K, committed 5376K, reserved 1048576K
}
Event: 3.923 GC heap after
{Heap after GC invocations=8 (full 0):
 garbage-first heap   total 129024K, used 24993K [0x00000000a0000000, 0x0000000100000000)
  region size 1024K, 8 young (8192K), 8 survivors (8192K)
 Metaspace       used 39296K, capacity 40064K, committed 40272K, reserved 1085440K
  class space    used 5008K, capacity 5277K, committed 5376K, reserved 1048576K
}
Event: 4.709 GC heap before
{Heap before GC invocations=8 (full 0):
 garbage-first heap   total 129024K, used 86433K [0x00000000a0000000, 0x0000000100000000)
  region size 1024K, 61 young (62464K), 8 survivors (8192K)
 Metaspace       used 42948K, capacity 43929K, committed 44112K, reserved 1087488K
  class space    used 5481K, capacity 5839K, committed 5888K, reserved 1048576K
}
Event: 4.716 GC heap after
{Heap after GC invocations=9 (full 0):
 garbage-first heap   total 129024K, used 38953K [0x00000000a0000000, 0x0000000100000000)
  region size 1024K, 8 young (8192K), 8 survivors (8192K)
 Metaspace       used 42948K, capacity 43929K, committed 44112K, reserved 1087488K
  class space    used 5481K, capacity 5839K, committed 5888K, reserved 1048576K
}
Event: 5.451 GC heap before
{Heap before GC invocations=9 (full 0):
 garbage-first heap   total 129024K, used 89129K [0x00000000a0000000, 0x0000000100000000)
  region size 1024K, 56 young (57344K), 8 survivors (8192K)
 Metaspace       used 50343K, capacity 51436K, committed 51664K, reserved 1093632K
  class space    used 6352K, capacity 6751K, committed 6784K, reserved 1048576K
}
Event: 5.457 GC heap after
{Heap after GC invocations=10 (full 0):
 garbage-first heap   total 129024K, used 45462K [0x00000000a0000000, 0x0000000100000000)
  region size 1024K, 4 young (4096K), 4 survivors (4096K)
 Metaspace       used 50343K, capacity 51436K, committed 51664K, reserved 1093632K
  class space    used 6352K, capacity 6751K, committed 6784K, reserved 1048576K
}
Event: 6.005 GC heap before
{Heap before GC invocations=10 (full 0):
 garbage-first heap   total 129024K, used 92566K [0x00000000a0000000, 0x0000000100000000)
  region size 1024K, 50 young (51200K), 4 survivors (4096K)
 Metaspace       used 54648K, capacity 55806K, committed 55888K, reserved 1097728K
  class space    used 6897K, capacity 7345K, committed 7424K, reserved 1048576K
}
Event: 6.009 GC heap after
{Heap after GC invocations=11 (full 0):
 garbage-first heap   total 129024K, used 49499K [0x00000000a0000000, 0x0000000100000000)
  region size 1024K, 7 young (7168K), 7 survivors (7168K)
 Metaspace       used 54648K, capacity 55806K, committed 55888K, reserved 1097728K
  class space    used 6897K, capacity 7345K, committed 7424K, reserved 1048576K
}
Event: 6.506 GC heap before
{Heap before GC invocations=11 (full 0):
 garbage-first heap   total 129024K, used 86363K [0x00000000a0000000, 0x0000000100000000)
  region size 1024K, 44 young (45056K), 7 survivors (7168K)
 Metaspace       used 58907K, capacity 60138K, committed 60240K, reserved 1101824K
  class space    used 7382K, capacity 7856K, committed 7936K, reserved 1048576K
}
Event: 6.513 GC heap after
{Heap after GC invocations=12 (full 0):
 garbage-first heap   total 129024K, used 52064K [0x00000000a0000000, 0x0000000100000000)
  region size 1024K, 4 young (4096K), 4 survivors (4096K)
 Metaspace       used 58907K, capacity 60138K, committed 60240K, reserved 1101824K
  class space    used 7382K, capacity 7856K, committed 7936K, reserved 1048576K
}
Event: 7.044 GC heap before
{Heap before GC invocations=13 (full 0):
 garbage-first heap   total 129024K, used 95072K [0x00000000a0000000, 0x0000000100000000)
  region size 1024K, 45 young (46080K), 4 survivors (4096K)
 Metaspace       used 61001K, capacity 62380K, committed 62676K, reserved 1103872K
  class space    used 7644K, capacity 8127K, committed 8192K, reserved 1048576K
}
Event: 7.049 GC heap after
{Heap after GC invocations=14 (full 0):
 garbage-first heap   total 129024K, used 57329K [0x00000000a0000000, 0x0000000100000000)
  region size 1024K, 6 young (6144K), 6 survivors (6144K)
 Metaspace       used 61001K, capacity 62380K, committed 62676K, reserved 1103872K
  class space    used 7644K, capacity 8127K, committed 8192K, reserved 1048576K
}
Event: 7.352 GC heap before
{Heap before GC invocations=14 (full 0):
 garbage-first heap   total 129024K, used 98289K [0x00000000a0000000, 0x0000000100000000)
  region size 1024K, 46 young (47104K), 6 survivors (6144K)
 Metaspace       used 62088K, capacity 63753K, committed 63956K, reserved 1105920K
  class space    used 7809K, capacity 8372K, committed 8448K, reserved 1048576K
}
Event: 7.357 GC heap after
{Heap after GC invocations=15 (full 0):
 garbage-first heap   total 129024K, used 61874K [0x00000000a0000000, 0x0000000100000000)
  region size 1024K, 4 young (4096K), 4 survivors (4096K)
 Metaspace       used 62088K, capacity 63753K, committed 63956K, reserved 1105920K
  class space    used 7809K, capacity 8372K, committed 8448K, reserved 1048576K
}
Event: 7.890 GC heap before
{Heap before GC invocations=15 (full 0):
 garbage-first heap   total 129024K, used 100786K [0x00000000a0000000, 0x0000000100000000)
  region size 1024K, 42 young (43008K), 4 survivors (4096K)
 Metaspace       used 66692K, capacity 68430K, committed 68564K, reserved 1110016K
  class space    used 8531K, capacity 9143K, committed 9216K, reserved 1048576K
}
Event: 7.899 GC heap after
{Heap after GC invocations=16 (full 0):
 garbage-first heap   total 129024K, used 64801K [0x00000000a0000000, 0x0000000100000000)
  region size 1024K, 3 young (3072K), 3 survivors (3072K)
 Metaspace       used 66692K, capacity 68430K, committed 68564K, reserved 1110016K
  class space    used 8531K, capacity 9143K, committed 9216K, reserved 1048576K
}

