# JRE version: OpenJDK Runtime Environment (11.0.10) (build 11.0.10+0-b96-7249189)
# Java VM: OpenJDK 64-Bit Server VM (11.0.10+0-b96-7249189, mixed mode, tiered, compressed oops, g1 gc, windows-amd64)
Heap:
 garbage-first heap   total 129024K, used 101889K [0x00000000a0000000, 0x0000000100000000)
  region size 1024K, 40 young (40960K), 5 survivors (5120K)
 Metaspace       used 69405K, capacity 71446K, committed 71504K, reserved 1112064K
  class space    used 8983K, capacity 9700K, committed 9728K, reserved 1048576K
GC Heap History (20 events):
Event: 4.255 GC heap before
{Heap before GC invocations=5 (full 0):
 garbage-first heap   total 129024K, used 49222K [0x00000000a0000000, 0x0000000100000000)
  region size 1024K, 32 young (32768K), 3 survivors (3072K)
 Metaspace       used 35239K, capacity 35866K, committed 35920K, reserved 1081344K
  class space    used 4368K, capacity 4607K, committed 4608K, reserved 1048576K
}
Event: 4.277 GC heap after
{Heap after GC invocations=6 (full 0):
 garbage-first heap   total 129024K, used 21769K [0x00000000a0000000, 0x0000000100000000)
  region size 1024K, 7 young (7168K), 7 survivors (7168K)
 Metaspace       used 35239K, capacity 35866K, committed 35920K, reserved 1081344K
  class space    used 4368K, capacity 4607K, committed 4608K, reserved 1048576K
}
Event: 5.608 GC heap before
{Heap before GC invocations=7 (full 0):
 garbage-first heap   total 129024K, used 77065K [0x00000000a0000000, 0x0000000100000000)
  region size 1024K, 61 young (62464K), 7 survivors (7168K)
 Metaspace       used 39406K, capacity 40199K, committed 40528K, reserved 1085440K
  class space    used 5015K, capacity 5278K, committed 5376K, reserved 1048576K
}
Event: 5.615 GC heap after
{Heap after GC invocations=8 (full 0):
 garbage-first heap   total 129024K, used 25319K [0x00000000a0000000, 0x0000000100000000)
  region size 1024K, 7 young (7168K), 7 survivors (7168K)
 Metaspace       used 39406K, capacity 40199K, committed 40528K, reserved 1085440K
  class space    used 5015K, capacity 5278K, committed 5376K, reserved 1048576K
}
Event: 6.699 GC heap before
{Heap before GC invocations=8 (full 0):
 garbage-first heap   total 129024K, used 90855K [0x00000000a0000000, 0x0000000100000000)
  region size 1024K, 63 young (64512K), 7 survivors (7168K)
 Metaspace       used 42978K, capacity 44040K, committed 44112K, reserved 1087488K
  class space    used 5490K, capacity 5852K, committed 5888K, reserved 1048576K
}
Event: 6.707 GC heap after
{Heap after GC invocations=9 (full 0):
 garbage-first heap   total 129024K, used 43008K [0x00000000a0000000, 0x0000000100000000)
  region size 1024K, 8 young (8192K), 8 survivors (8192K)
 Metaspace       used 42978K, capacity 44040K, committed 44112K, reserved 1087488K
  class space    used 5490K, capacity 5852K, committed 5888K, reserved 1048576K
}
Event: 7.553 GC heap before
{Heap before GC invocations=9 (full 0):
 garbage-first heap   total 129024K, used 91136K [0x00000000a0000000, 0x0000000100000000)
  region size 1024K, 55 young (56320K), 8 survivors (8192K)
 Metaspace       used 50491K, capacity 51620K, committed 51792K, reserved 1093632K
  class space    used 6381K, capacity 6790K, committed 6912K, reserved 1048576K
}
Event: 7.558 GC heap after
{Heap after GC invocations=10 (full 0):
 garbage-first heap   total 129024K, used 45635K [0x00000000a0000000, 0x0000000100000000)
  region size 1024K, 2 young (2048K), 2 survivors (2048K)
 Metaspace       used 50491K, capacity 51620K, committed 51792K, reserved 1093632K
  class space    used 6381K, capacity 6790K, committed 6912K, reserved 1048576K
}
Event: 8.361 GC heap before
{Heap before GC invocations=10 (full 0):
 garbage-first heap   total 129024K, used 93763K [0x00000000a0000000, 0x0000000100000000)
  region size 1024K, 49 young (50176K), 2 survivors (2048K)
 Metaspace       used 54923K, capacity 56118K, committed 56400K, reserved 1097728K
  class space    used 6923K, capacity 7384K, committed 7424K, reserved 1048576K
}
Event: 8.365 GC heap after
{Heap after GC invocations=11 (full 0):
 garbage-first heap   total 129024K, used 50273K [0x00000000a0000000, 0x0000000100000000)
  region size 1024K, 7 young (7168K), 7 survivors (7168K)
 Metaspace       used 54923K, capacity 56118K, committed 56400K, reserved 1097728K
  class space    used 6923K, capacity 7384K, committed 7424K, reserved 1048576K
}
Event: 8.862 GC heap before
{Heap before GC invocations=11 (full 0):
 garbage-first heap   total 129024K, used 85089K [0x00000000a0000000, 0x0000000100000000)
  region size 1024K, 42 young (43008K), 7 survivors (7168K)
 Metaspace       used 58890K, capacity 60158K, committed 60240K, reserved 1101824K
  class space    used 7386K, capacity 7863K, committed 7936K, reserved 1048576K
}
Event: 8.878 GC heap after
{Heap after GC invocations=12 (full 0):
 garbage-first heap   total 129024K, used 51879K [0x00000000a0000000, 0x0000000100000000)
  region size 1024K, 3 young (3072K), 3 survivors (3072K)
 Metaspace       used 58890K, capacity 60158K, committed 60240K, reserved 1101824K
  class space    used 7386K, capacity 7863K, committed 7936K, reserved 1048576K
}
Event: 9.533 GC heap before
{Heap before GC invocations=13 (full 0):
 garbage-first heap   total 129024K, used 96935K [0x00000000a0000000, 0x0000000100000000)
  region size 1024K, 47 young (48128K), 3 survivors (3072K)
 Metaspace       used 60985K, capacity 62387K, committed 62544K, reserved 1103872K
  class space    used 7648K, capacity 8129K, committed 8192K, reserved 1048576K
}
Event: 9.540 GC heap after
{Heap after GC invocations=14 (full 0):
 garbage-first heap   total 129024K, used 57639K [0x00000000a0000000, 0x0000000100000000)
  region size 1024K, 6 young (6144K), 6 survivors (6144K)
 Metaspace       used 60985K, capacity 62387K, committed 62544K, reserved 1103872K
  class space    used 7648K, capacity 8129K, committed 8192K, reserved 1048576K
}
Event: 10.067 GC heap before
{Heap before GC invocations=14 (full 0):
 garbage-first heap   total 129024K, used 98599K [0x00000000a0000000, 0x0000000100000000)
  region size 1024K, 46 young (47104K), 6 survivors (6144K)
 Metaspace       used 62207K, capacity 63796K, committed 64080K, reserved 1105920K
  class space    used 7832K, capacity 8407K, committed 8448K, reserved 1048576K
}
Event: 10.074 GC heap after
{Heap after GC invocations=15 (full 0):
 garbage-first heap   total 129024K, used 61902K [0x00000000a0000000, 0x0000000100000000)
  region size 1024K, 4 young (4096K), 4 survivors (4096K)
 Metaspace       used 62207K, capacity 63796K, committed 64080K, reserved 1105920K
  class space    used 7832K, capacity 8407K, committed 8448K, reserved 1048576K
}
Event: 10.723 GC heap before
{Heap before GC invocations=15 (full 0):
 garbage-first heap   total 129024K, used 101838K [0x00000000a0000000, 0x0000000100000000)
  region size 1024K, 43 young (44032K), 4 survivors (4096K)
 Metaspace       used 66688K, capacity 68431K, committed 68688K, reserved 1110016K
  class space    used 8532K, capacity 9142K, committed 9216K, reserved 1048576K
}
Event: 10.730 GC heap after
{Heap after GC invocations=16 (full 0):
 garbage-first heap   total 129024K, used 64538K [0x00000000a0000000, 0x0000000100000000)
  region size 1024K, 3 young (3072K), 3 survivors (3072K)
 Metaspace       used 66688K, capacity 68431K, committed 68688K, reserved 1110016K
  class space    used 8532K, capacity 9142K, committed 9216K, reserved 1048576K
}
Event: 11.250 GC heap before
{Heap before GC invocations=17 (full 0):
 garbage-first heap   total 129024K, used 102426K [0x00000000a0000000, 0x0000000100000000)
  region size 1024K, 40 young (40960K), 3 survivors (3072K)
 Metaspace       used 67961K, capacity 69713K, committed 69968K, reserved 1110016K
  class space    used 8766K, capacity 9439K, committed 9472K, reserved 1048576K
}
Event: 11.256 GC heap after
{Heap after GC invocations=18 (full 0):
 garbage-first heap   total 129024K, used 68097K [0x00000000a0000000, 0x0000000100000000)
  region size 1024K, 5 young (5120K), 5 survivors (5120K)
 Metaspace       used 67961K, capacity 69713K, committed 69968K, reserved 1110016K
  class space    used 8766K, capacity 9439K, committed 9472K, reserved 1048576K
}

